[debug] [2021-04-02T12:43:22.685Z] ----------------------------------------------------------------------
[debug] [2021-04-02T12:43:22.686Z] Command:       /usr/local/bin/node /usr/local/bin/firebase init hosting
[debug] [2021-04-02T12:43:22.686Z] CLI Version:   9.8.0
[debug] [2021-04-02T12:43:22.686Z] Platform:      darwin
[debug] [2021-04-02T12:43:22.686Z] Node Version:  v14.15.1
[debug] [2021-04-02T12:43:22.690Z] Time:          Fri Apr 02 2021 08:43:22 GMT-0400 (Eastern Daylight Time)
[debug] [2021-04-02T12:43:22.690Z] ----------------------------------------------------------------------
[debug] 
[debug] [2021-04-02T12:43:22.692Z] >>> [apiv2][query] GET https://firebase-public.firebaseio.com/cli.json [none]
[debug] [2021-04-02T12:43:22.708Z] > command requires scopes: ["email","openid","https://www.googleapis.com/auth/cloudplatformprojects.readonly","https://www.googleapis.com/auth/firebase","https://www.googleapis.com/auth/cloud-platform"]
[debug] [2021-04-02T12:43:22.708Z] > authorizing via signed-in user
[info] 
     ######## #### ########  ######## ########     ###     ######  ########
     ##        ##  ##     ## ##       ##     ##  ##   ##  ##       ##
     ######    ##  ########  ######   ########  #########  ######  ######
     ##        ##  ##    ##  ##       ##     ## ##     ##       ## ##
     ##       #### ##     ## ######## ########  ##     ##  ######  ########

You're about to initialize a Firebase project in this directory:

  /Users/wtsaygers/Sites/react-restaurant

[info] 
=== Project Setup
[info] 
[info] First, let's associate this project directory with a Firebase project.
[info] You can create multiple project aliases by running firebase use --add, 
[info] but for now we'll just set up a default project.
[info] 
[debug] [2021-04-02T12:43:22.964Z] <<< [apiv2][status] GET https://firebase-public.firebaseio.com/cli.json 200
[debug] [2021-04-02T12:43:22.965Z] <<< [apiv2][body] GET https://firebase-public.firebaseio.com/cli.json {"cloudBuildErrorAfter":1594252800000,"cloudBuildWarnAfter":1590019200000,"defaultNode10After":1594252800000,"minVersion":"3.0.5","node8DeploysDisabledAfter":1613390400000,"node8RuntimeDisabledAfter":1615809600000,"node8WarnAfter":1600128000000}
[debug] [2021-04-02T12:43:36.587Z] > refreshing access token with scopes: []
[debug] [2021-04-02T12:43:36.588Z] >>> HTTP REQUEST POST https://www.googleapis.com/oauth2/v3/token  
 <request body omitted>
[debug] [2021-04-02T12:43:36.782Z] <<< HTTP RESPONSE 200 {"cache-control":"no-cache, no-store, max-age=0, must-revalidate","pragma":"no-cache","date":"Fri, 02 Apr 2021 12:43:36 GMT","expires":"Mon, 01 Jan 1990 00:00:00 GMT","content-type":"application/json; charset=utf-8","vary":"X-Origin, Referer, Origin,Accept-Encoding","server":"scaffolding on HTTPServer2","x-xss-protection":"0","x-frame-options":"SAMEORIGIN","x-content-type-options":"nosniff","alt-svc":"h3-29=\":443\"; ma=2592000,h3-T051=\":443\"; ma=2592000,h3-Q050=\":443\"; ma=2592000,h3-Q046=\":443\"; ma=2592000,h3-Q043=\":443\"; ma=2592000,quic=\":443\"; ma=2592000; v=\"46,43\"","accept-ranges":"none","transfer-encoding":"chunked"}
[debug] [2021-04-02T12:43:36.813Z] >>> [apiv2][query] GET https://firebase.googleapis.com/v1beta1/projects pageSize=100
[debug] [2021-04-02T12:43:37.109Z] <<< [apiv2][status] GET https://firebase.googleapis.com/v1beta1/projects 200
[debug] [2021-04-02T12:43:37.109Z] <<< [apiv2][body] GET https://firebase.googleapis.com/v1beta1/projects [omitted]
[debug] [2021-04-02T12:45:40.931Z] TypeError: Cannot read property 'setRawMode' of null
    at ReadStream.setRawMode (tty.js:75:28)
    at Interface._setRawMode (readline.js:298:16)
    at Interface.close (readline.js:421:10)
    at ReadStream.ontermend (readline.js:209:10)
    at ReadStream.emit (events.js:327:22)
    at ReadStream.EventEmitter.emit (domain.js:486:12)
    at endReadableNT (_stream_readable.js:1327:12)
    at processTicksAndRejections (internal/process/task_queues.js:80:21)
[error] 
[error] Error: An unexpected error has occurred.
[debug] [2021-04-02T12:45:40.938Z] Error: write EIO
    at afterWriteDispatched (internal/stream_base_commons.js:156:25)
    at writeGeneric (internal/stream_base_commons.js:147:3)
    at WriteStream.Socket._writeGeneric (net.js:785:11)
    at WriteStream.Socket._write (net.js:797:8)
    at writeOrBuffer (_stream_writable.js:352:12)
    at WriteStream.Writable.write (_stream_writable.js:303:10)
    at Console.log (/usr/local/lib/node_modules/firebase-tools/node_modules/winston/lib/winston/transports/console.js:79:23)
    at Console._write (/usr/local/lib/node_modules/firebase-tools/node_modules/winston-transport/index.js:103:17)
    at doWrite (/usr/local/lib/node_modules/firebase-tools/node_modules/winston-transport/node_modules/readable-stream/lib/_stream_writable.js:428:64)
    at writeOrBuffer (/usr/local/lib/node_modules/firebase-tools/node_modules/winston-transport/node_modules/readable-stream/lib/_stream_writable.js:417:5)
    at Console.Writable.write (/usr/local/lib/node_modules/firebase-tools/node_modules/winston-transport/node_modules/readable-stream/lib/_stream_writable.js:334:11)
    at DerivedLogger.ondata (/usr/local/lib/node_modules/firebase-tools/node_modules/readable-stream/lib/_stream_readable.js:681:20)
    at DerivedLogger.emit (events.js:327:22)
    at DerivedLogger.EventEmitter.emit (domain.js:486:12)
    at addChunk (/usr/local/lib/node_modules/firebase-tools/node_modules/readable-stream/lib/_stream_readable.js:298:12)
    at readableAddChunk (/usr/local/lib/node_modules/firebase-tools/node_modules/readable-stream/lib/_stream_readable.js:280:11)
[error] 
[error] Error: An unexpected error has occurred.
[debug] [2021-04-02T12:45:51.738Z] ----------------------------------------------------------------------
[debug] [2021-04-02T12:45:51.739Z] Command:       /usr/local/bin/node /usr/local/bin/firebase init hosting
[debug] [2021-04-02T12:45:51.740Z] CLI Version:   9.8.0
[debug] [2021-04-02T12:45:51.740Z] Platform:      darwin
[debug] [2021-04-02T12:45:51.740Z] Node Version:  v14.15.1
[debug] [2021-04-02T12:45:51.740Z] Time:          Fri Apr 02 2021 08:45:51 GMT-0400 (Eastern Daylight Time)
[debug] [2021-04-02T12:45:51.740Z] ----------------------------------------------------------------------
[debug] 
[debug] [2021-04-02T12:45:51.746Z] > command requires scopes: ["email","openid","https://www.googleapis.com/auth/cloudplatformprojects.readonly","https://www.googleapis.com/auth/firebase","https://www.googleapis.com/auth/cloud-platform"]
[debug] [2021-04-02T12:45:51.746Z] > authorizing via signed-in user
[info] 
     ######## #### ########  ######## ########     ###     ######  ########
     ##        ##  ##     ## ##       ##     ##  ##   ##  ##       ##
     ######    ##  ########  ######   ########  #########  ######  ######
     ##        ##  ##    ##  ##       ##     ## ##     ##       ## ##
     ##       #### ##     ## ######## ########  ##     ##  ######  ########

You're about to initialize a Firebase project in this directory:

  /Users/wtsaygers/Sites/react-restaurant

[info] 
=== Project Setup
[info] 
[info] First, let's associate this project directory with a Firebase project.
[info] You can create multiple project aliases by running firebase use --add, 
[info] but for now we'll just set up a default project.
[info] 
[info] i  If you want to create a project in a Google Cloud organization or folder, please use "firebase projects:create" instead, and return to this command when you've created the project. 
[debug] [2021-04-02T13:04:34.404Z] TypeError: Cannot read property 'setRawMode' of null
    at ReadStream.setRawMode (tty.js:75:28)
    at Interface._setRawMode (readline.js:298:16)
    at Interface.close (readline.js:421:10)
    at ReadStream.ontermend (readline.js:209:10)
    at ReadStream.emit (events.js:327:22)
    at ReadStream.EventEmitter.emit (domain.js:486:12)
    at endReadableNT (_stream_readable.js:1327:12)
    at processTicksAndRejections (internal/process/task_queues.js:80:21)
